{"/Users/khubaibraza/Desktop/workspace/free-genai-bootcamp-2025/lang-portal/new_backend/src/app.ts": {"path":"/Users/khubaibraza/Desktop/workspace/free-genai-bootcamp-2025/lang-portal/new_backend/src/app.ts","statementMap":{"0":{"start":{"line":1,"column":0},"end":{"line":1,"column":30}},"1":{"start":{"line":2,"column":0},"end":{"line":2,"column":24}},"2":{"start":{"line":3,"column":0},"end":{"line":3,"column":57}},"3":{"start":{"line":4,"column":0},"end":{"line":4,"column":43}},"4":{"start":{"line":6,"column":12},"end":{"line":6,"column":21}},"5":{"start":{"line":9,"column":0},"end":{"line":9,"column":16}},"6":{"start":{"line":10,"column":0},"end":{"line":10,"column":24}},"7":{"start":{"line":13,"column":0},"end":{"line":13,"column":17}},"8":{"start":{"line":16,"column":0},"end":{"line":16,"column":22}},"9":{"start":{"line":18,"column":0},"end":{"line":18,"column":19}}},"fnMap":{},"branchMap":{},"s":{"0":4,"1":4,"2":4,"3":4,"4":4,"5":4,"6":4,"7":4,"8":4,"9":4},"f":{},"b":{}}
,"/Users/khubaibraza/Desktop/workspace/free-genai-bootcamp-2025/lang-portal/new_backend/src/api/controllers/DashboardController.ts": {"path":"/Users/khubaibraza/Desktop/workspace/free-genai-bootcamp-2025/lang-portal/new_backend/src/api/controllers/DashboardController.ts","statementMap":{"0":{"start":{"line":2,"column":0},"end":{"line":2,"column":51}},"1":{"start":{"line":6,"column":4},"end":{"line":21,"column":5}},"2":{"start":{"line":7,"column":17},"end":{"line":7,"column":36}},"3":{"start":{"line":8,"column":26},"end":{"line":16,"column":8}},"4":{"start":{"line":18,"column":6},"end":{"line":18,"column":36}},"5":{"start":{"line":20,"column":6},"end":{"line":20,"column":18}},"6":{"start":{"line":25,"column":4},"end":{"line":43,"column":5}},"7":{"start":{"line":26,"column":17},"end":{"line":26,"column":36}},"8":{"start":{"line":27,"column":40},"end":{"line":30,"column":8}},"9":{"start":{"line":32,"column":42},"end":{"line":35,"column":8}},"10":{"start":{"line":37,"column":6},"end":{"line":40,"column":9}},"11":{"start":{"line":42,"column":6},"end":{"line":42,"column":18}},"12":{"start":{"line":47,"column":4},"end":{"line":77,"column":5}},"13":{"start":{"line":48,"column":17},"end":{"line":48,"column":36}},"14":{"start":{"line":51,"column":33},"end":{"line":55,"column":8}},"15":{"start":{"line":58,"column":41},"end":{"line":61,"column":8}},"16":{"start":{"line":64,"column":40},"end":{"line":67,"column":8}},"17":{"start":{"line":69,"column":6},"end":{"line":74,"column":9}},"18":{"start":{"line":76,"column":6},"end":{"line":76,"column":18}},"19":{"start":{"line":4,"column":0},"end":{"line":4,"column":13}}},"fnMap":{"0":{"name":"(anonymous_0)","decl":{"start":{"line":5,"column":2},"end":{"line":5,"column":8}},"loc":{"start":{"line":5,"column":82},"end":{"line":22,"column":3}}},"1":{"name":"(anonymous_1)","decl":{"start":{"line":24,"column":2},"end":{"line":24,"column":8}},"loc":{"start":{"line":24,"column":79},"end":{"line":44,"column":3}}},"2":{"name":"(anonymous_2)","decl":{"start":{"line":46,"column":2},"end":{"line":46,"column":8}},"loc":{"start":{"line":46,"column":76},"end":{"line":78,"column":3}}}},"branchMap":{"0":{"loc":{"start":{"line":18,"column":15},"end":{"line":18,"column":34}},"type":"binary-expr","locations":[{"start":{"line":18,"column":15},"end":{"line":18,"column":26}},{"start":{"line":18,"column":30},"end":{"line":18,"column":34}}]},"1":{"loc":{"start":{"line":70,"column":22},"end":{"line":70,"column":39}},"type":"binary-expr","locations":[{"start":{"line":70,"column":22},"end":{"line":70,"column":34}},{"start":{"line":70,"column":38},"end":{"line":70,"column":39}}]}},"s":{"0":4,"1":1,"2":1,"3":1,"4":1,"5":0,"6":1,"7":1,"8":1,"9":1,"10":1,"11":0,"12":1,"13":1,"14":1,"15":1,"16":1,"17":1,"18":0,"19":4},"f":{"0":1,"1":1,"2":1},"b":{"0":[1,0],"1":[1,0]}}
,"/Users/khubaibraza/Desktop/workspace/free-genai-bootcamp-2025/lang-portal/new_backend/src/api/controllers/GroupController.ts": {"path":"/Users/khubaibraza/Desktop/workspace/free-genai-bootcamp-2025/lang-portal/new_backend/src/api/controllers/GroupController.ts","statementMap":{"0":{"start":{"line":2,"column":0},"end":{"line":2,"column":51}},"1":{"start":{"line":3,"column":0},"end":{"line":3,"column":57}},"2":{"start":{"line":7,"column":4},"end":{"line":24,"column":5}},"3":{"start":{"line":8,"column":19},"end":{"line":8,"column":58}},"4":{"start":{"line":9,"column":20},"end":{"line":9,"column":62}},"5":{"start":{"line":11,"column":31},"end":{"line":11,"column":68}},"6":{"start":{"line":13,"column":6},"end":{"line":21,"column":9}},"7":{"start":{"line":23,"column":6},"end":{"line":23,"column":18}},"8":{"start":{"line":28,"column":4},"end":{"line":38,"column":5}},"9":{"start":{"line":29,"column":20},"end":{"line":29,"column":70}},"10":{"start":{"line":31,"column":6},"end":{"line":33,"column":7}},"11":{"start":{"line":32,"column":8},"end":{"line":32,"column":51}},"12":{"start":{"line":35,"column":6},"end":{"line":35,"column":22}},"13":{"start":{"line":37,"column":6},"end":{"line":37,"column":18}},"14":{"start":{"line":42,"column":4},"end":{"line":60,"column":5}},"15":{"start":{"line":43,"column":22},"end":{"line":43,"column":45}},"16":{"start":{"line":44,"column":19},"end":{"line":44,"column":58}},"17":{"start":{"line":45,"column":20},"end":{"line":45,"column":62}},"18":{"start":{"line":47,"column":31},"end":{"line":47,"column":83}},"19":{"start":{"line":49,"column":6},"end":{"line":57,"column":9}},"20":{"start":{"line":59,"column":6},"end":{"line":59,"column":18}},"21":{"start":{"line":64,"column":4},"end":{"line":81,"column":5}},"22":{"start":{"line":65,"column":22},"end":{"line":65,"column":45}},"23":{"start":{"line":66,"column":19},"end":{"line":66,"column":58}},"24":{"start":{"line":67,"column":20},"end":{"line":67,"column":62}},"25":{"start":{"line":70,"column":6},"end":{"line":78,"column":9}},"26":{"start":{"line":80,"column":6},"end":{"line":80,"column":18}},"27":{"start":{"line":5,"column":0},"end":{"line":5,"column":13}}},"fnMap":{"0":{"name":"(anonymous_0)","decl":{"start":{"line":6,"column":2},"end":{"line":6,"column":8}},"loc":{"start":{"line":6,"column":72},"end":{"line":25,"column":3}}},"1":{"name":"(anonymous_1)","decl":{"start":{"line":27,"column":2},"end":{"line":27,"column":8}},"loc":{"start":{"line":27,"column":71},"end":{"line":39,"column":3}}},"2":{"name":"(anonymous_2)","decl":{"start":{"line":41,"column":2},"end":{"line":41,"column":8}},"loc":{"start":{"line":41,"column":76},"end":{"line":61,"column":3}}},"3":{"name":"(anonymous_3)","decl":{"start":{"line":63,"column":2},"end":{"line":63,"column":8}},"loc":{"start":{"line":63,"column":84},"end":{"line":82,"column":3}}}},"branchMap":{"0":{"loc":{"start":{"line":8,"column":19},"end":{"line":8,"column":58}},"type":"binary-expr","locations":[{"start":{"line":8,"column":19},"end":{"line":8,"column":53}},{"start":{"line":8,"column":57},"end":{"line":8,"column":58}}]},"1":{"loc":{"start":{"line":9,"column":20},"end":{"line":9,"column":62}},"type":"binary-expr","locations":[{"start":{"line":9,"column":20},"end":{"line":9,"column":55}},{"start":{"line":9,"column":59},"end":{"line":9,"column":62}}]},"2":{"loc":{"start":{"line":31,"column":6},"end":{"line":33,"column":7}},"type":"if","locations":[{"start":{"line":31,"column":6},"end":{"line":33,"column":7}}]},"3":{"loc":{"start":{"line":44,"column":19},"end":{"line":44,"column":58}},"type":"binary-expr","locations":[{"start":{"line":44,"column":19},"end":{"line":44,"column":53}},{"start":{"line":44,"column":57},"end":{"line":44,"column":58}}]},"4":{"loc":{"start":{"line":45,"column":20},"end":{"line":45,"column":62}},"type":"binary-expr","locations":[{"start":{"line":45,"column":20},"end":{"line":45,"column":55}},{"start":{"line":45,"column":59},"end":{"line":45,"column":62}}]},"5":{"loc":{"start":{"line":66,"column":19},"end":{"line":66,"column":58}},"type":"binary-expr","locations":[{"start":{"line":66,"column":19},"end":{"line":66,"column":53}},{"start":{"line":66,"column":57},"end":{"line":66,"column":58}}]},"6":{"loc":{"start":{"line":67,"column":20},"end":{"line":67,"column":62}},"type":"binary-expr","locations":[{"start":{"line":67,"column":20},"end":{"line":67,"column":55}},{"start":{"line":67,"column":59},"end":{"line":67,"column":62}}]}},"s":{"0":4,"1":4,"2":2,"3":2,"4":2,"5":2,"6":2,"7":0,"8":2,"9":2,"10":2,"11":1,"12":1,"13":1,"14":1,"15":1,"16":1,"17":1,"18":1,"19":1,"20":0,"21":0,"22":0,"23":0,"24":0,"25":0,"26":0,"27":4},"f":{"0":2,"1":2,"2":1,"3":0},"b":{"0":[2,1],"1":[2,1],"2":[1],"3":[1,1],"4":[1,1],"5":[0,0],"6":[0,0]}}
,"/Users/khubaibraza/Desktop/workspace/free-genai-bootcamp-2025/lang-portal/new_backend/src/api/controllers/StudyActivityController.ts": {"path":"/Users/khubaibraza/Desktop/workspace/free-genai-bootcamp-2025/lang-portal/new_backend/src/api/controllers/StudyActivityController.ts","statementMap":{"0":{"start":{"line":2,"column":0},"end":{"line":2,"column":51}},"1":{"start":{"line":3,"column":0},"end":{"line":3,"column":57}},"2":{"start":{"line":7,"column":4},"end":{"line":33,"column":5}},"3":{"start":{"line":8,"column":19},"end":{"line":8,"column":58}},"4":{"start":{"line":9,"column":20},"end":{"line":9,"column":62}},"5":{"start":{"line":10,"column":21},"end":{"line":10,"column":39}},"6":{"start":{"line":12,"column":17},"end":{"line":12,"column":36}},"7":{"start":{"line":14,"column":35},"end":{"line":20,"column":8}},"8":{"start":{"line":22,"column":6},"end":{"line":30,"column":9}},"9":{"start":{"line":32,"column":6},"end":{"line":32,"column":18}},"10":{"start":{"line":37,"column":4},"end":{"line":48,"column":5}},"11":{"start":{"line":38,"column":17},"end":{"line":38,"column":36}},"12":{"start":{"line":39,"column":23},"end":{"line":39,"column":97}},"13":{"start":{"line":41,"column":6},"end":{"line":43,"column":7}},"14":{"start":{"line":42,"column":8},"end":{"line":42,"column":60}},"15":{"start":{"line":45,"column":6},"end":{"line":45,"column":25}},"16":{"start":{"line":47,"column":6},"end":{"line":47,"column":18}},"17":{"start":{"line":52,"column":4},"end":{"line":91,"column":5}},"18":{"start":{"line":53,"column":19},"end":{"line":53,"column":58}},"19":{"start":{"line":54,"column":20},"end":{"line":54,"column":62}},"20":{"start":{"line":55,"column":21},"end":{"line":55,"column":39}},"21":{"start":{"line":57,"column":17},"end":{"line":57,"column":36}},"22":{"start":{"line":59,"column":35},"end":{"line":78,"column":8}},"23":{"start":{"line":80,"column":6},"end":{"line":88,"column":9}},"24":{"start":{"line":90,"column":6},"end":{"line":90,"column":18}},"25":{"start":{"line":5,"column":0},"end":{"line":5,"column":13}}},"fnMap":{"0":{"name":"(anonymous_0)","decl":{"start":{"line":6,"column":2},"end":{"line":6,"column":8}},"loc":{"start":{"line":6,"column":76},"end":{"line":34,"column":3}}},"1":{"name":"(anonymous_1)","decl":{"start":{"line":36,"column":2},"end":{"line":36,"column":8}},"loc":{"start":{"line":36,"column":74},"end":{"line":49,"column":3}}},"2":{"name":"(anonymous_2)","decl":{"start":{"line":51,"column":2},"end":{"line":51,"column":8}},"loc":{"start":{"line":51,"column":82},"end":{"line":92,"column":3}}}},"branchMap":{"0":{"loc":{"start":{"line":8,"column":19},"end":{"line":8,"column":58}},"type":"binary-expr","locations":[{"start":{"line":8,"column":19},"end":{"line":8,"column":53}},{"start":{"line":8,"column":57},"end":{"line":8,"column":58}}]},"1":{"loc":{"start":{"line":9,"column":20},"end":{"line":9,"column":62}},"type":"binary-expr","locations":[{"start":{"line":9,"column":20},"end":{"line":9,"column":55}},{"start":{"line":9,"column":59},"end":{"line":9,"column":62}}]},"2":{"loc":{"start":{"line":41,"column":6},"end":{"line":43,"column":7}},"type":"if","locations":[{"start":{"line":41,"column":6},"end":{"line":43,"column":7}}]},"3":{"loc":{"start":{"line":53,"column":19},"end":{"line":53,"column":58}},"type":"binary-expr","locations":[{"start":{"line":53,"column":19},"end":{"line":53,"column":53}},{"start":{"line":53,"column":57},"end":{"line":53,"column":58}}]},"4":{"loc":{"start":{"line":54,"column":20},"end":{"line":54,"column":62}},"type":"binary-expr","locations":[{"start":{"line":54,"column":20},"end":{"line":54,"column":55}},{"start":{"line":54,"column":59},"end":{"line":54,"column":62}}]}},"s":{"0":4,"1":4,"2":0,"3":0,"4":0,"5":0,"6":0,"7":0,"8":0,"9":0,"10":0,"11":0,"12":0,"13":0,"14":0,"15":0,"16":0,"17":0,"18":0,"19":0,"20":0,"21":0,"22":0,"23":0,"24":0,"25":4},"f":{"0":0,"1":0,"2":0},"b":{"0":[0,0],"1":[0,0],"2":[0],"3":[0,0],"4":[0,0]}}
,"/Users/khubaibraza/Desktop/workspace/free-genai-bootcamp-2025/lang-portal/new_backend/src/api/controllers/StudyController.ts": {"path":"/Users/khubaibraza/Desktop/workspace/free-genai-bootcamp-2025/lang-portal/new_backend/src/api/controllers/StudyController.ts","statementMap":{"0":{"start":{"line":2,"column":0},"end":{"line":2,"column":51}},"1":{"start":{"line":3,"column":0},"end":{"line":3,"column":57}},"2":{"start":{"line":7,"column":4},"end":{"line":45,"column":5}},"3":{"start":{"line":8,"column":19},"end":{"line":8,"column":58}},"4":{"start":{"line":9,"column":20},"end":{"line":9,"column":62}},"5":{"start":{"line":10,"column":21},"end":{"line":10,"column":39}},"6":{"start":{"line":12,"column":17},"end":{"line":12,"column":36}},"7":{"start":{"line":14,"column":35},"end":{"line":32,"column":8}},"8":{"start":{"line":34,"column":6},"end":{"line":42,"column":9}},"9":{"start":{"line":44,"column":6},"end":{"line":44,"column":18}},"10":{"start":{"line":49,"column":4},"end":{"line":74,"column":5}},"11":{"start":{"line":50,"column":17},"end":{"line":50,"column":36}},"12":{"start":{"line":51,"column":22},"end":{"line":65,"column":23}},"13":{"start":{"line":67,"column":6},"end":{"line":69,"column":7}},"14":{"start":{"line":68,"column":8},"end":{"line":68,"column":59}},"15":{"start":{"line":71,"column":6},"end":{"line":71,"column":24}},"16":{"start":{"line":73,"column":6},"end":{"line":73,"column":18}},"17":{"start":{"line":78,"column":4},"end":{"line":115,"column":5}},"18":{"start":{"line":79,"column":19},"end":{"line":79,"column":58}},"19":{"start":{"line":80,"column":20},"end":{"line":80,"column":62}},"20":{"start":{"line":81,"column":21},"end":{"line":81,"column":39}},"21":{"start":{"line":83,"column":17},"end":{"line":83,"column":36}},"22":{"start":{"line":85,"column":35},"end":{"line":102,"column":8}},"23":{"start":{"line":104,"column":6},"end":{"line":112,"column":9}},"24":{"start":{"line":114,"column":6},"end":{"line":114,"column":18}},"25":{"start":{"line":119,"column":4},"end":{"line":138,"column":5}},"26":{"start":{"line":120,"column":46},"end":{"line":120,"column":54}},"27":{"start":{"line":122,"column":17},"end":{"line":122,"column":36}},"28":{"start":{"line":123,"column":21},"end":{"line":126,"column":39}},"29":{"start":{"line":128,"column":6},"end":{"line":130,"column":7}},"30":{"start":{"line":129,"column":8},"end":{"line":129,"column":66}},"31":{"start":{"line":132,"column":6},"end":{"line":135,"column":9}},"32":{"start":{"line":137,"column":6},"end":{"line":137,"column":18}},"33":{"start":{"line":142,"column":4},"end":{"line":170,"column":5}},"34":{"start":{"line":143,"column":48},"end":{"line":143,"column":58}},"35":{"start":{"line":144,"column":26},"end":{"line":144,"column":34}},"36":{"start":{"line":146,"column":17},"end":{"line":146,"column":36}},"37":{"start":{"line":147,"column":21},"end":{"line":150,"column":46}},"38":{"start":{"line":152,"column":6},"end":{"line":154,"column":7}},"39":{"start":{"line":153,"column":8},"end":{"line":153,"column":64}},"40":{"start":{"line":156,"column":21},"end":{"line":165,"column":23}},"41":{"start":{"line":167,"column":6},"end":{"line":167,"column":35}},"42":{"start":{"line":169,"column":6},"end":{"line":169,"column":18}},"43":{"start":{"line":174,"column":4},"end":{"line":185,"column":5}},"44":{"start":{"line":175,"column":17},"end":{"line":175,"column":36}},"45":{"start":{"line":176,"column":6},"end":{"line":176,"column":52}},"46":{"start":{"line":177,"column":6},"end":{"line":177,"column":49}},"47":{"start":{"line":179,"column":6},"end":{"line":182,"column":9}},"48":{"start":{"line":184,"column":6},"end":{"line":184,"column":18}},"49":{"start":{"line":189,"column":4},"end":{"line":203,"column":5}},"50":{"start":{"line":190,"column":17},"end":{"line":190,"column":36}},"51":{"start":{"line":191,"column":6},"end":{"line":191,"column":52}},"52":{"start":{"line":192,"column":6},"end":{"line":192,"column":49}},"53":{"start":{"line":193,"column":6},"end":{"line":193,"column":47}},"54":{"start":{"line":194,"column":6},"end":{"line":194,"column":40}},"55":{"start":{"line":195,"column":6},"end":{"line":195,"column":41}},"56":{"start":{"line":197,"column":6},"end":{"line":200,"column":9}},"57":{"start":{"line":202,"column":6},"end":{"line":202,"column":18}},"58":{"start":{"line":5,"column":0},"end":{"line":5,"column":13}}},"fnMap":{"0":{"name":"(anonymous_0)","decl":{"start":{"line":6,"column":2},"end":{"line":6,"column":8}},"loc":{"start":{"line":6,"column":79},"end":{"line":46,"column":3}}},"1":{"name":"(anonymous_1)","decl":{"start":{"line":48,"column":2},"end":{"line":48,"column":8}},"loc":{"start":{"line":48,"column":78},"end":{"line":75,"column":3}}},"2":{"name":"(anonymous_2)","decl":{"start":{"line":77,"column":2},"end":{"line":77,"column":8}},"loc":{"start":{"line":77,"column":83},"end":{"line":116,"column":3}}},"3":{"name":"(anonymous_3)","decl":{"start":{"line":118,"column":2},"end":{"line":118,"column":8}},"loc":{"start":{"line":118,"column":81},"end":{"line":139,"column":3}}},"4":{"name":"(anonymous_4)","decl":{"start":{"line":141,"column":2},"end":{"line":141,"column":8}},"loc":{"start":{"line":141,"column":73},"end":{"line":171,"column":3}}},"5":{"name":"(anonymous_5)","decl":{"start":{"line":173,"column":2},"end":{"line":173,"column":8}},"loc":{"start":{"line":173,"column":75},"end":{"line":186,"column":3}}},"6":{"name":"(anonymous_6)","decl":{"start":{"line":188,"column":2},"end":{"line":188,"column":8}},"loc":{"start":{"line":188,"column":72},"end":{"line":204,"column":3}}}},"branchMap":{"0":{"loc":{"start":{"line":8,"column":19},"end":{"line":8,"column":58}},"type":"binary-expr","locations":[{"start":{"line":8,"column":19},"end":{"line":8,"column":53}},{"start":{"line":8,"column":57},"end":{"line":8,"column":58}}]},"1":{"loc":{"start":{"line":9,"column":20},"end":{"line":9,"column":62}},"type":"binary-expr","locations":[{"start":{"line":9,"column":20},"end":{"line":9,"column":55}},{"start":{"line":9,"column":59},"end":{"line":9,"column":62}}]},"2":{"loc":{"start":{"line":67,"column":6},"end":{"line":69,"column":7}},"type":"if","locations":[{"start":{"line":67,"column":6},"end":{"line":69,"column":7}}]},"3":{"loc":{"start":{"line":79,"column":19},"end":{"line":79,"column":58}},"type":"binary-expr","locations":[{"start":{"line":79,"column":19},"end":{"line":79,"column":53}},{"start":{"line":79,"column":57},"end":{"line":79,"column":58}}]},"4":{"loc":{"start":{"line":80,"column":20},"end":{"line":80,"column":62}},"type":"binary-expr","locations":[{"start":{"line":80,"column":20},"end":{"line":80,"column":55}},{"start":{"line":80,"column":59},"end":{"line":80,"column":62}}]},"5":{"loc":{"start":{"line":128,"column":6},"end":{"line":130,"column":7}},"type":"if","locations":[{"start":{"line":128,"column":6},"end":{"line":130,"column":7}}]},"6":{"loc":{"start":{"line":152,"column":6},"end":{"line":154,"column":7}},"type":"if","locations":[{"start":{"line":152,"column":6},"end":{"line":154,"column":7}}]}},"s":{"0":4,"1":4,"2":1,"3":1,"4":1,"5":1,"6":1,"7":1,"8":1,"9":0,"10":0,"11":0,"12":0,"13":0,"14":0,"15":0,"16":0,"17":0,"18":0,"19":0,"20":0,"21":0,"22":0,"23":0,"24":0,"25":1,"26":1,"27":1,"28":1,"29":1,"30":0,"31":1,"32":0,"33":1,"34":1,"35":1,"36":1,"37":1,"38":1,"39":0,"40":1,"41":1,"42":0,"43":0,"44":0,"45":0,"46":0,"47":0,"48":0,"49":0,"50":0,"51":0,"52":0,"53":0,"54":0,"55":0,"56":0,"57":0,"58":4},"f":{"0":1,"1":0,"2":0,"3":1,"4":1,"5":0,"6":0},"b":{"0":[1,1],"1":[1,1],"2":[0],"3":[0,0],"4":[0,0],"5":[0],"6":[0]}}
,"/Users/khubaibraza/Desktop/workspace/free-genai-bootcamp-2025/lang-portal/new_backend/src/api/controllers/WordController.ts": {"path":"/Users/khubaibraza/Desktop/workspace/free-genai-bootcamp-2025/lang-portal/new_backend/src/api/controllers/WordController.ts","statementMap":{"0":{"start":{"line":2,"column":0},"end":{"line":2,"column":49}},"1":{"start":{"line":3,"column":0},"end":{"line":3,"column":57}},"2":{"start":{"line":7,"column":4},"end":{"line":24,"column":5}},"3":{"start":{"line":8,"column":19},"end":{"line":8,"column":58}},"4":{"start":{"line":9,"column":20},"end":{"line":9,"column":62}},"5":{"start":{"line":11,"column":31},"end":{"line":11,"column":67}},"6":{"start":{"line":13,"column":6},"end":{"line":21,"column":9}},"7":{"start":{"line":23,"column":6},"end":{"line":23,"column":18}},"8":{"start":{"line":28,"column":4},"end":{"line":38,"column":5}},"9":{"start":{"line":29,"column":19},"end":{"line":29,"column":68}},"10":{"start":{"line":31,"column":6},"end":{"line":33,"column":7}},"11":{"start":{"line":32,"column":8},"end":{"line":32,"column":50}},"12":{"start":{"line":35,"column":6},"end":{"line":35,"column":21}},"13":{"start":{"line":37,"column":6},"end":{"line":37,"column":18}},"14":{"start":{"line":42,"column":4},"end":{"line":47,"column":5}},"15":{"start":{"line":43,"column":19},"end":{"line":43,"column":51}},"16":{"start":{"line":44,"column":6},"end":{"line":44,"column":33}},"17":{"start":{"line":46,"column":6},"end":{"line":46,"column":18}},"18":{"start":{"line":5,"column":0},"end":{"line":5,"column":13}}},"fnMap":{"0":{"name":"(anonymous_0)","decl":{"start":{"line":6,"column":2},"end":{"line":6,"column":8}},"loc":{"start":{"line":6,"column":71},"end":{"line":25,"column":3}}},"1":{"name":"(anonymous_1)","decl":{"start":{"line":27,"column":2},"end":{"line":27,"column":8}},"loc":{"start":{"line":27,"column":70},"end":{"line":39,"column":3}}},"2":{"name":"(anonymous_2)","decl":{"start":{"line":41,"column":2},"end":{"line":41,"column":8}},"loc":{"start":{"line":41,"column":73},"end":{"line":48,"column":3}}}},"branchMap":{"0":{"loc":{"start":{"line":8,"column":19},"end":{"line":8,"column":58}},"type":"binary-expr","locations":[{"start":{"line":8,"column":19},"end":{"line":8,"column":53}},{"start":{"line":8,"column":57},"end":{"line":8,"column":58}}]},"1":{"loc":{"start":{"line":9,"column":20},"end":{"line":9,"column":62}},"type":"binary-expr","locations":[{"start":{"line":9,"column":20},"end":{"line":9,"column":55}},{"start":{"line":9,"column":59},"end":{"line":9,"column":62}}]},"2":{"loc":{"start":{"line":31,"column":6},"end":{"line":33,"column":7}},"type":"if","locations":[{"start":{"line":31,"column":6},"end":{"line":33,"column":7}}]}},"s":{"0":4,"1":4,"2":2,"3":2,"4":2,"5":2,"6":2,"7":0,"8":2,"9":2,"10":2,"11":1,"12":1,"13":1,"14":1,"15":1,"16":1,"17":0,"18":4},"f":{"0":2,"1":2,"2":1},"b":{"0":[2,1],"1":[2,1],"2":[1]}}
,"/Users/khubaibraza/Desktop/workspace/free-genai-bootcamp-2025/lang-portal/new_backend/src/api/middleware/validateRequest.ts": {"path":"/Users/khubaibraza/Desktop/workspace/free-genai-bootcamp-2025/lang-portal/new_backend/src/api/middleware/validateRequest.ts","statementMap":{"0":{"start":{"line":2,"column":0},"end":{"line":2,"column":45}},"1":{"start":{"line":3,"column":0},"end":{"line":3,"column":57}},"2":{"start":{"line":5,"column":31},"end":{"line":22,"column":1}},"3":{"start":{"line":6,"column":2},"end":{"line":21,"column":4}},"4":{"start":{"line":7,"column":4},"end":{"line":20,"column":5}},"5":{"start":{"line":8,"column":6},"end":{"line":12,"column":9}},"6":{"start":{"line":13,"column":6},"end":{"line":13,"column":13}},"7":{"start":{"line":15,"column":6},"end":{"line":19,"column":7}},"8":{"start":{"line":16,"column":8},"end":{"line":16,"column":77}},"9":{"start":{"line":16,"column":53},"end":{"line":16,"column":62}},"10":{"start":{"line":18,"column":8},"end":{"line":18,"column":20}},"11":{"start":{"line":5,"column":13},"end":{"line":5,"column":31}}},"fnMap":{"0":{"name":"(anonymous_0)","decl":{"start":{"line":5,"column":31},"end":{"line":5,"column":32}},"loc":{"start":{"line":5,"column":56},"end":{"line":22,"column":1}}},"1":{"name":"(anonymous_1)","decl":{"start":{"line":6,"column":9},"end":{"line":6,"column":14}},"loc":{"start":{"line":6,"column":67},"end":{"line":21,"column":3}}},"2":{"name":"(anonymous_2)","decl":{"start":{"line":16,"column":48},"end":{"line":16,"column":49}},"loc":{"start":{"line":16,"column":53},"end":{"line":16,"column":62}}}},"branchMap":{"0":{"loc":{"start":{"line":15,"column":6},"end":{"line":19,"column":7}},"type":"if","locations":[{"start":{"line":15,"column":6},"end":{"line":19,"column":7}},{"start":{"line":17,"column":13},"end":{"line":19,"column":7}}]}},"s":{"0":4,"1":4,"2":4,"3":60,"4":15,"5":15,"6":13,"7":2,"8":2,"9":3,"10":0,"11":4},"f":{"0":60,"1":15,"2":3},"b":{"0":[2,0]}}
,"/Users/khubaibraza/Desktop/workspace/free-genai-bootcamp-2025/lang-portal/new_backend/src/api/routes/dashboardRoutes.ts": {"path":"/Users/khubaibraza/Desktop/workspace/free-genai-bootcamp-2025/lang-portal/new_backend/src/api/routes/dashboardRoutes.ts","statementMap":{"0":{"start":{"line":1,"column":0},"end":{"line":1,"column":33}},"1":{"start":{"line":2,"column":0},"end":{"line":2,"column":73}},"2":{"start":{"line":4,"column":15},"end":{"line":4,"column":23}},"3":{"start":{"line":6,"column":0},"end":{"line":6,"column":75}},"4":{"start":{"line":7,"column":0},"end":{"line":7,"column":68}},"5":{"start":{"line":8,"column":0},"end":{"line":8,"column":62}},"6":{"start":{"line":10,"column":0},"end":{"line":10,"column":22}}},"fnMap":{},"branchMap":{},"s":{"0":4,"1":4,"2":4,"3":4,"4":4,"5":4,"6":4},"f":{},"b":{}}
,"/Users/khubaibraza/Desktop/workspace/free-genai-bootcamp-2025/lang-portal/new_backend/src/api/routes/groupRoutes.ts": {"path":"/Users/khubaibraza/Desktop/workspace/free-genai-bootcamp-2025/lang-portal/new_backend/src/api/routes/groupRoutes.ts","statementMap":{"0":{"start":{"line":1,"column":0},"end":{"line":1,"column":33}},"1":{"start":{"line":2,"column":0},"end":{"line":2,"column":65}},"2":{"start":{"line":3,"column":0},"end":{"line":3,"column":64}},"3":{"start":{"line":4,"column":0},"end":{"line":4,"column":72}},"4":{"start":{"line":6,"column":15},"end":{"line":6,"column":23}},"5":{"start":{"line":8,"column":0},"end":{"line":8,"column":78}},"6":{"start":{"line":9,"column":0},"end":{"line":9,"column":77}},"7":{"start":{"line":10,"column":0},"end":{"line":10,"column":91}},"8":{"start":{"line":11,"column":0},"end":{"line":11,"column":108}},"9":{"start":{"line":13,"column":0},"end":{"line":13,"column":22}}},"fnMap":{},"branchMap":{},"s":{"0":4,"1":4,"2":4,"3":4,"4":4,"5":4,"6":4,"7":4,"8":4,"9":4},"f":{},"b":{}}
,"/Users/khubaibraza/Desktop/workspace/free-genai-bootcamp-2025/lang-portal/new_backend/src/api/routes/index.ts": {"path":"/Users/khubaibraza/Desktop/workspace/free-genai-bootcamp-2025/lang-portal/new_backend/src/api/routes/index.ts","statementMap":{"0":{"start":{"line":8,"column":0},"end":{"line":8,"column":16}},"1":{"start":{"line":2,"column":0},"end":{"line":2,"column":38}},"2":{"start":{"line":3,"column":0},"end":{"line":3,"column":40}},"3":{"start":{"line":4,"column":0},"end":{"line":4,"column":40}},"4":{"start":{"line":5,"column":0},"end":{"line":5,"column":48}},"5":{"start":{"line":6,"column":0},"end":{"line":6,"column":56}},"6":{"start":{"line":9,"column":2},"end":{"line":9,"column":36}},"7":{"start":{"line":10,"column":2},"end":{"line":10,"column":38}},"8":{"start":{"line":11,"column":2},"end":{"line":11,"column":46}},"9":{"start":{"line":12,"column":2},"end":{"line":12,"column":45}},"10":{"start":{"line":13,"column":2},"end":{"line":13,"column":56}}},"fnMap":{"0":{"name":"setupRoutes","decl":{"start":{"line":8,"column":16},"end":{"line":8,"column":27}},"loc":{"start":{"line":8,"column":40},"end":{"line":14,"column":1}}}},"branchMap":{},"s":{"0":4,"1":4,"2":4,"3":4,"4":4,"5":4,"6":4,"7":4,"8":4,"9":4,"10":4},"f":{"0":4},"b":{}}
,"/Users/khubaibraza/Desktop/workspace/free-genai-bootcamp-2025/lang-portal/new_backend/src/api/routes/studyActivityRoutes.ts": {"path":"/Users/khubaibraza/Desktop/workspace/free-genai-bootcamp-2025/lang-portal/new_backend/src/api/routes/studyActivityRoutes.ts","statementMap":{"0":{"start":{"line":1,"column":0},"end":{"line":1,"column":33}},"1":{"start":{"line":2,"column":0},"end":{"line":2,"column":81}},"2":{"start":{"line":3,"column":0},"end":{"line":3,"column":64}},"3":{"start":{"line":4,"column":0},"end":{"line":4,"column":72}},"4":{"start":{"line":6,"column":15},"end":{"line":6,"column":23}},"5":{"start":{"line":8,"column":0},"end":{"line":8,"column":90}},"6":{"start":{"line":9,"column":0},"end":{"line":9,"column":88}},"7":{"start":{"line":10,"column":0},"end":{"line":10,"column":114}},"8":{"start":{"line":12,"column":0},"end":{"line":12,"column":22}}},"fnMap":{},"branchMap":{},"s":{"0":4,"1":4,"2":4,"3":4,"4":4,"5":4,"6":4,"7":4,"8":4},"f":{},"b":{}}
,"/Users/khubaibraza/Desktop/workspace/free-genai-bootcamp-2025/lang-portal/new_backend/src/api/routes/studyRoutes.ts": {"path":"/Users/khubaibraza/Desktop/workspace/free-genai-bootcamp-2025/lang-portal/new_backend/src/api/routes/studyRoutes.ts","statementMap":{"0":{"start":{"line":1,"column":0},"end":{"line":1,"column":33}},"1":{"start":{"line":2,"column":0},"end":{"line":2,"column":65}},"2":{"start":{"line":3,"column":0},"end":{"line":3,"column":64}},"3":{"start":{"line":4,"column":0},"end":{"line":4,"column":null}},"4":{"start":{"line":11,"column":15},"end":{"line":11,"column":23}},"5":{"start":{"line":13,"column":0},"end":{"line":13,"column":85}},"6":{"start":{"line":14,"column":0},"end":{"line":14,"column":84}},"7":{"start":{"line":15,"column":0},"end":{"line":15,"column":98}},"8":{"start":{"line":16,"column":0},"end":{"line":16,"column":90}},"9":{"start":{"line":17,"column":0},"end":{"line":17,"column":105}},"10":{"start":{"line":18,"column":0},"end":{"line":18,"column":60}},"11":{"start":{"line":19,"column":0},"end":{"line":19,"column":54}},"12":{"start":{"line":21,"column":0},"end":{"line":21,"column":22}}},"fnMap":{},"branchMap":{},"s":{"0":4,"1":4,"2":4,"3":4,"4":4,"5":4,"6":4,"7":4,"8":4,"9":4,"10":4,"11":4,"12":4},"f":{},"b":{}}
,"/Users/khubaibraza/Desktop/workspace/free-genai-bootcamp-2025/lang-portal/new_backend/src/api/routes/wordRoutes.ts": {"path":"/Users/khubaibraza/Desktop/workspace/free-genai-bootcamp-2025/lang-portal/new_backend/src/api/routes/wordRoutes.ts","statementMap":{"0":{"start":{"line":1,"column":0},"end":{"line":1,"column":33}},"1":{"start":{"line":2,"column":0},"end":{"line":2,"column":63}},"2":{"start":{"line":3,"column":0},"end":{"line":3,"column":64}},"3":{"start":{"line":4,"column":0},"end":{"line":4,"column":84}},"4":{"start":{"line":6,"column":15},"end":{"line":6,"column":23}},"5":{"start":{"line":8,"column":0},"end":{"line":8,"column":76}},"6":{"start":{"line":9,"column":0},"end":{"line":9,"column":75}},"7":{"start":{"line":10,"column":0},"end":{"line":10,"column":73}},"8":{"start":{"line":12,"column":0},"end":{"line":12,"column":22}}},"fnMap":{},"branchMap":{},"s":{"0":4,"1":4,"2":4,"3":4,"4":4,"5":4,"6":4,"7":4,"8":4},"f":{},"b":{}}
,"/Users/khubaibraza/Desktop/workspace/free-genai-bootcamp-2025/lang-portal/new_backend/src/api/validators/schemas.ts": {"path":"/Users/khubaibraza/Desktop/workspace/free-genai-bootcamp-2025/lang-portal/new_backend/src/api/validators/schemas.ts","statementMap":{"0":{"start":{"line":1,"column":0},"end":{"line":1,"column":24}},"1":{"start":{"line":3,"column":13},"end":{"line":10,"column":3}},"2":{"start":{"line":12,"column":13},"end":{"line":17,"column":3}},"3":{"start":{"line":19,"column":13},"end":{"line":30,"column":3}},"4":{"start":{"line":32,"column":13},"end":{"line":37,"column":3}},"5":{"start":{"line":39,"column":13},"end":{"line":43,"column":3}}},"fnMap":{},"branchMap":{},"s":{"0":4,"1":4,"2":4,"3":4,"4":4,"5":4},"f":{},"b":{}}
,"/Users/khubaibraza/Desktop/workspace/free-genai-bootcamp-2025/lang-portal/new_backend/src/db/models/Group.ts": {"path":"/Users/khubaibraza/Desktop/workspace/free-genai-bootcamp-2025/lang-portal/new_backend/src/db/models/Group.ts","statementMap":{"0":{"start":{"line":1,"column":0},"end":{"line":1,"column":51}},"1":{"start":{"line":7,"column":15},"end":{"line":7,"column":34}},"2":{"start":{"line":8,"column":18},"end":{"line":8,"column":78}},"3":{"start":{"line":9,"column":4},"end":{"line":9,"column":25}},"4":{"start":{"line":13,"column":15},"end":{"line":13,"column":34}},"5":{"start":{"line":14,"column":19},"end":{"line":14,"column":37}},"6":{"start":{"line":16,"column":33},"end":{"line":19,"column":6}},"7":{"start":{"line":21,"column":4},"end":{"line":21,"column":28}},"8":{"start":{"line":25,"column":15},"end":{"line":25,"column":34}},"9":{"start":{"line":26,"column":19},"end":{"line":26,"column":37}},"10":{"start":{"line":28,"column":33},"end":{"line":39,"column":6}},"11":{"start":{"line":41,"column":4},"end":{"line":41,"column":28}},"12":{"start":{"line":5,"column":0},"end":{"line":5,"column":13}}},"fnMap":{"0":{"name":"(anonymous_0)","decl":{"start":{"line":6,"column":2},"end":{"line":6,"column":8}},"loc":{"start":{"line":6,"column":34},"end":{"line":10,"column":3}}},"1":{"name":"(anonymous_1)","decl":{"start":{"line":12,"column":2},"end":{"line":12,"column":8}},"loc":{"start":{"line":12,"column":60},"end":{"line":22,"column":3}}},"2":{"name":"(anonymous_2)","decl":{"start":{"line":24,"column":2},"end":{"line":24,"column":8}},"loc":{"start":{"line":24,"column":83},"end":{"line":42,"column":3}}}},"branchMap":{"0":{"loc":{"start":{"line":9,"column":11},"end":{"line":9,"column":24}},"type":"binary-expr","locations":[{"start":{"line":9,"column":11},"end":{"line":9,"column":16}},{"start":{"line":9,"column":20},"end":{"line":9,"column":24}}]},"1":{"loc":{"start":{"line":12,"column":23},"end":{"line":12,"column":39}},"type":"default-arg","locations":[{"start":{"line":12,"column":38},"end":{"line":12,"column":39}}]},"2":{"loc":{"start":{"line":12,"column":41},"end":{"line":12,"column":60}},"type":"default-arg","locations":[{"start":{"line":12,"column":57},"end":{"line":12,"column":60}}]},"3":{"loc":{"start":{"line":24,"column":46},"end":{"line":24,"column":62}},"type":"default-arg","locations":[{"start":{"line":24,"column":61},"end":{"line":24,"column":62}}]},"4":{"loc":{"start":{"line":24,"column":64},"end":{"line":24,"column":83}},"type":"default-arg","locations":[{"start":{"line":24,"column":80},"end":{"line":24,"column":83}}]}},"s":{"0":4,"1":2,"2":2,"3":2,"4":2,"5":2,"6":2,"7":2,"8":1,"9":1,"10":1,"11":1,"12":4},"f":{"0":2,"1":2,"2":1},"b":{"0":[2,1],"1":[0],"2":[0],"3":[0],"4":[0]}}
,"/Users/khubaibraza/Desktop/workspace/free-genai-bootcamp-2025/lang-portal/new_backend/src/db/models/Word.ts": {"path":"/Users/khubaibraza/Desktop/workspace/free-genai-bootcamp-2025/lang-portal/new_backend/src/db/models/Word.ts","statementMap":{"0":{"start":{"line":1,"column":0},"end":{"line":1,"column":51}},"1":{"start":{"line":3,"column":0},"end":{"line":3,"column":57}},"2":{"start":{"line":7,"column":15},"end":{"line":7,"column":34}},"3":{"start":{"line":8,"column":17},"end":{"line":8,"column":75}},"4":{"start":{"line":9,"column":4},"end":{"line":9,"column":24}},"5":{"start":{"line":13,"column":15},"end":{"line":13,"column":34}},"6":{"start":{"line":14,"column":19},"end":{"line":14,"column":37}},"7":{"start":{"line":16,"column":33},"end":{"line":19,"column":6}},"8":{"start":{"line":21,"column":4},"end":{"line":21,"column":28}},"9":{"start":{"line":25,"column":15},"end":{"line":25,"column":34}},"10":{"start":{"line":26,"column":19},"end":{"line":28,"column":null}},"11":{"start":{"line":31,"column":4},"end":{"line":31,"column":73}},"12":{"start":{"line":31,"column":24},"end":{"line":31,"column":73}},"13":{"start":{"line":33,"column":4},"end":{"line":36,"column":6}},"14":{"start":{"line":5,"column":0},"end":{"line":5,"column":13}}},"fnMap":{"0":{"name":"(anonymous_0)","decl":{"start":{"line":6,"column":2},"end":{"line":6,"column":8}},"loc":{"start":{"line":6,"column":34},"end":{"line":10,"column":3}}},"1":{"name":"(anonymous_1)","decl":{"start":{"line":12,"column":2},"end":{"line":12,"column":8}},"loc":{"start":{"line":12,"column":60},"end":{"line":22,"column":3}}},"2":{"name":"(anonymous_2)","decl":{"start":{"line":24,"column":2},"end":{"line":24,"column":8}},"loc":{"start":{"line":24,"column":44},"end":{"line":37,"column":3}}}},"branchMap":{"0":{"loc":{"start":{"line":9,"column":11},"end":{"line":9,"column":23}},"type":"binary-expr","locations":[{"start":{"line":9,"column":11},"end":{"line":9,"column":15}},{"start":{"line":9,"column":19},"end":{"line":9,"column":23}}]},"1":{"loc":{"start":{"line":12,"column":23},"end":{"line":12,"column":39}},"type":"default-arg","locations":[{"start":{"line":12,"column":38},"end":{"line":12,"column":39}}]},"2":{"loc":{"start":{"line":12,"column":41},"end":{"line":12,"column":60}},"type":"default-arg","locations":[{"start":{"line":12,"column":57},"end":{"line":12,"column":60}}]},"3":{"loc":{"start":{"line":31,"column":4},"end":{"line":31,"column":73}},"type":"if","locations":[{"start":{"line":31,"column":4},"end":{"line":31,"column":73}}]}},"s":{"0":4,"1":4,"2":2,"3":2,"4":2,"5":2,"6":2,"7":2,"8":2,"9":1,"10":1,"11":1,"12":0,"13":1,"14":4},"f":{"0":2,"1":2,"2":1},"b":{"0":[2,1],"1":[0],"2":[0],"3":[0]}}
,"/Users/khubaibraza/Desktop/workspace/free-genai-bootcamp-2025/lang-portal/new_backend/src/db/seeds/groupSeeds.ts": {"path":"/Users/khubaibraza/Desktop/workspace/free-genai-bootcamp-2025/lang-portal/new_backend/src/db/seeds/groupSeeds.ts","statementMap":{"0":{"start":{"line":3,"column":0},"end":{"line":3,"column":7}},"1":{"start":{"line":4,"column":17},"end":{"line":17,"column":4}},"2":{"start":{"line":19,"column":2},"end":{"line":24,"column":3}},"3":{"start":{"line":20,"column":4},"end":{"line":23,"column":6}}},"fnMap":{"0":{"name":"seedGroups","decl":{"start":{"line":3,"column":22},"end":{"line":3,"column":32}},"loc":{"start":{"line":3,"column":45},"end":{"line":25,"column":1}}}},"branchMap":{},"s":{"0":4,"1":4,"2":4,"3":12},"f":{"0":4},"b":{}}
,"/Users/khubaibraza/Desktop/workspace/free-genai-bootcamp-2025/lang-portal/new_backend/src/db/seeds/index.ts": {"path":"/Users/khubaibraza/Desktop/workspace/free-genai-bootcamp-2025/lang-portal/new_backend/src/db/seeds/index.ts","statementMap":{"0":{"start":{"line":7,"column":0},"end":{"line":7,"column":7}},"1":{"start":{"line":2,"column":0},"end":{"line":2,"column":51}},"2":{"start":{"line":3,"column":0},"end":{"line":3,"column":69}},"3":{"start":{"line":4,"column":0},"end":{"line":4,"column":42}},"4":{"start":{"line":5,"column":0},"end":{"line":5,"column":59}},"5":{"start":{"line":8,"column":13},"end":{"line":8,"column":32}},"6":{"start":{"line":10,"column":2},"end":{"line":28,"column":3}},"7":{"start":{"line":12,"column":4},"end":{"line":12,"column":38}},"8":{"start":{"line":15,"column":4},"end":{"line":15,"column":34}},"9":{"start":{"line":16,"column":4},"end":{"line":16,"column":25}},"10":{"start":{"line":17,"column":4},"end":{"line":17,"column":24}},"11":{"start":{"line":18,"column":4},"end":{"line":18,"column":42}},"12":{"start":{"line":21,"column":4},"end":{"line":21,"column":27}},"13":{"start":{"line":22,"column":4},"end":{"line":22,"column":48}},"14":{"start":{"line":25,"column":4},"end":{"line":25,"column":29}},"15":{"start":{"line":26,"column":4},"end":{"line":26,"column":52}},"16":{"start":{"line":27,"column":4},"end":{"line":27,"column":16}}},"fnMap":{"0":{"name":"seedDatabase","decl":{"start":{"line":7,"column":22},"end":{"line":7,"column":34}},"loc":{"start":{"line":7,"column":34},"end":{"line":29,"column":1}}}},"branchMap":{},"s":{"0":4,"1":4,"2":4,"3":4,"4":4,"5":4,"6":4,"7":4,"8":4,"9":4,"10":4,"11":4,"12":4,"13":4,"14":0,"15":0,"16":0},"f":{"0":4},"b":{}}
,"/Users/khubaibraza/Desktop/workspace/free-genai-bootcamp-2025/lang-portal/new_backend/src/db/seeds/studyActivitySeeds.ts": {"path":"/Users/khubaibraza/Desktop/workspace/free-genai-bootcamp-2025/lang-portal/new_backend/src/db/seeds/studyActivitySeeds.ts","statementMap":{"0":{"start":{"line":3,"column":0},"end":{"line":3,"column":7}},"1":{"start":{"line":4,"column":21},"end":{"line":17,"column":4}},"2":{"start":{"line":19,"column":2},"end":{"line":24,"column":3}},"3":{"start":{"line":20,"column":4},"end":{"line":23,"column":6}}},"fnMap":{"0":{"name":"seedStudyActivities","decl":{"start":{"line":3,"column":22},"end":{"line":3,"column":41}},"loc":{"start":{"line":3,"column":54},"end":{"line":25,"column":1}}}},"branchMap":{},"s":{"0":4,"1":4,"2":4,"3":12},"f":{"0":4},"b":{}}
,"/Users/khubaibraza/Desktop/workspace/free-genai-bootcamp-2025/lang-portal/new_backend/src/db/seeds/wordSeeds.ts": {"path":"/Users/khubaibraza/Desktop/workspace/free-genai-bootcamp-2025/lang-portal/new_backend/src/db/seeds/wordSeeds.ts","statementMap":{"0":{"start":{"line":3,"column":0},"end":{"line":3,"column":7}},"1":{"start":{"line":33,"column":0},"end":{"line":33,"column":7}},"2":{"start":{"line":4,"column":16},"end":{"line":23,"column":4}},"3":{"start":{"line":25,"column":2},"end":{"line":30,"column":3}},"4":{"start":{"line":26,"column":4},"end":{"line":29,"column":6}},"5":{"start":{"line":35,"column":23},"end":{"line":39,"column":4}},"6":{"start":{"line":41,"column":2},"end":{"line":63,"column":3}},"7":{"start":{"line":42,"column":17},"end":{"line":44,"column":null}},"8":{"start":{"line":46,"column":18},"end":{"line":48,"column":null}},"9":{"start":{"line":51,"column":4},"end":{"line":62,"column":5}},"10":{"start":{"line":52,"column":6},"end":{"line":55,"column":8}},"11":{"start":{"line":58,"column":6},"end":{"line":61,"column":8}}},"fnMap":{"0":{"name":"seedWords","decl":{"start":{"line":3,"column":22},"end":{"line":3,"column":31}},"loc":{"start":{"line":3,"column":44},"end":{"line":31,"column":1}}},"1":{"name":"createWordGroupAssociations","decl":{"start":{"line":33,"column":22},"end":{"line":33,"column":49}},"loc":{"start":{"line":33,"column":62},"end":{"line":64,"column":1}}}},"branchMap":{"0":{"loc":{"start":{"line":51,"column":4},"end":{"line":62,"column":5}},"type":"if","locations":[{"start":{"line":51,"column":4},"end":{"line":62,"column":5}}]},"1":{"loc":{"start":{"line":51,"column":8},"end":{"line":51,"column":21}},"type":"binary-expr","locations":[{"start":{"line":51,"column":8},"end":{"line":51,"column":12}},{"start":{"line":51,"column":16},"end":{"line":51,"column":21}}]}},"s":{"0":4,"1":4,"2":4,"3":4,"4":12,"5":4,"6":4,"7":12,"8":12,"9":12,"10":12,"11":12},"f":{"0":4,"1":4},"b":{"0":[12],"1":[12,12]}}
,"/Users/khubaibraza/Desktop/workspace/free-genai-bootcamp-2025/lang-portal/new_backend/src/middleware/errorHandler.ts": {"path":"/Users/khubaibraza/Desktop/workspace/free-genai-bootcamp-2025/lang-portal/new_backend/src/middleware/errorHandler.ts","statementMap":{"0":{"start":{"line":5,"column":4},"end":{"line":5,"column":19}},"1":{"start":{"line":4,"column":21},"end":{"line":4,"column":39}},"2":{"start":{"line":6,"column":4},"end":{"line":6,"column":27}},"3":{"start":{"line":3,"column":0},"end":{"line":3,"column":13}},"4":{"start":{"line":10,"column":28},"end":{"line":26,"column":1}},"5":{"start":{"line":16,"column":2},"end":{"line":20,"column":3}},"6":{"start":{"line":17,"column":4},"end":{"line":19,"column":7}},"7":{"start":{"line":22,"column":2},"end":{"line":22,"column":21}},"8":{"start":{"line":23,"column":2},"end":{"line":25,"column":5}},"9":{"start":{"line":10,"column":13},"end":{"line":10,"column":28}}},"fnMap":{"0":{"name":"(anonymous_0)","decl":{"start":{"line":4,"column":2},"end":{"line":4,"column":21}},"loc":{"start":{"line":4,"column":56},"end":{"line":7,"column":3}}},"1":{"name":"(anonymous_1)","decl":{"start":{"line":10,"column":28},"end":{"line":10,"column":null}},"loc":{"start":{"line":15,"column":4},"end":{"line":26,"column":1}}}},"branchMap":{"0":{"loc":{"start":{"line":16,"column":2},"end":{"line":20,"column":3}},"type":"if","locations":[{"start":{"line":16,"column":2},"end":{"line":20,"column":3}}]}},"s":{"0":4,"1":4,"2":4,"3":4,"4":4,"5":4,"6":4,"7":0,"8":0,"9":4},"f":{"0":4,"1":4},"b":{"0":[4]}}
,"/Users/khubaibraza/Desktop/workspace/free-genai-bootcamp-2025/lang-portal/new_backend/src/tests/helpers.ts": {"path":"/Users/khubaibraza/Desktop/workspace/free-genai-bootcamp-2025/lang-portal/new_backend/src/tests/helpers.ts","statementMap":{"0":{"start":{"line":5,"column":0},"end":{"line":5,"column":7}},"1":{"start":{"line":17,"column":0},"end":{"line":17,"column":7}},"2":{"start":{"line":32,"column":0},"end":{"line":32,"column":7}},"3":{"start":{"line":42,"column":0},"end":{"line":42,"column":7}},"4":{"start":{"line":55,"column":0},"end":{"line":55,"column":7}},"5":{"start":{"line":68,"column":0},"end":{"line":68,"column":7}},"6":{"start":{"line":1,"column":0},"end":{"line":1,"column":48}},"7":{"start":{"line":3,"column":0},"end":{"line":3,"column":54}},"8":{"start":{"line":6,"column":13},"end":{"line":6,"column":32}},"9":{"start":{"line":7,"column":2},"end":{"line":14,"column":5}},"10":{"start":{"line":23,"column":13},"end":{"line":23,"column":32}},"11":{"start":{"line":24,"column":17},"end":{"line":26,"column":null}},"12":{"start":{"line":28,"column":2},"end":{"line":28,"column":76}},"13":{"start":{"line":28,"column":22},"end":{"line":28,"column":76}},"14":{"start":{"line":29,"column":2},"end":{"line":29,"column":23}},"15":{"start":{"line":33,"column":13},"end":{"line":33,"column":32}},"16":{"start":{"line":34,"column":17},"end":{"line":36,"column":null}},"17":{"start":{"line":38,"column":2},"end":{"line":38,"column":77}},"18":{"start":{"line":38,"column":22},"end":{"line":38,"column":77}},"19":{"start":{"line":39,"column":2},"end":{"line":39,"column":23}},"20":{"start":{"line":46,"column":13},"end":{"line":46,"column":32}},"21":{"start":{"line":47,"column":17},"end":{"line":49,"column":null}},"22":{"start":{"line":51,"column":2},"end":{"line":51,"column":80}},"23":{"start":{"line":51,"column":22},"end":{"line":51,"column":80}},"24":{"start":{"line":52,"column":2},"end":{"line":52,"column":23}},"25":{"start":{"line":59,"column":13},"end":{"line":59,"column":32}},"26":{"start":{"line":60,"column":17},"end":{"line":62,"column":null}},"27":{"start":{"line":64,"column":2},"end":{"line":64,"column":79}},"28":{"start":{"line":64,"column":22},"end":{"line":64,"column":79}},"29":{"start":{"line":65,"column":2},"end":{"line":65,"column":23}},"30":{"start":{"line":73,"column":13},"end":{"line":73,"column":32}},"31":{"start":{"line":74,"column":17},"end":{"line":76,"column":null}},"32":{"start":{"line":78,"column":2},"end":{"line":78,"column":78}},"33":{"start":{"line":78,"column":22},"end":{"line":78,"column":78}},"34":{"start":{"line":79,"column":2},"end":{"line":79,"column":23}}},"fnMap":{"0":{"name":"clearDatabase","decl":{"start":{"line":5,"column":22},"end":{"line":5,"column":35}},"loc":{"start":{"line":5,"column":35},"end":{"line":15,"column":1}}},"1":{"name":"createTestWord","decl":{"start":{"line":17,"column":22},"end":{"line":17,"column":36}},"loc":{"start":{"line":22,"column":1},"end":{"line":30,"column":1}}},"2":{"name":"createTestGroup","decl":{"start":{"line":32,"column":22},"end":{"line":32,"column":37}},"loc":{"start":{"line":32,"column":50},"end":{"line":40,"column":1}}},"3":{"name":"createTestStudyActivity","decl":{"start":{"line":42,"column":22},"end":{"line":42,"column":45}},"loc":{"start":{"line":45,"column":1},"end":{"line":53,"column":1}}},"4":{"name":"createTestStudySession","decl":{"start":{"line":55,"column":22},"end":{"line":55,"column":44}},"loc":{"start":{"line":58,"column":1},"end":{"line":66,"column":1}}},"5":{"name":"createTestWordReview","decl":{"start":{"line":68,"column":22},"end":{"line":68,"column":42}},"loc":{"start":{"line":72,"column":1},"end":{"line":80,"column":1}}}},"branchMap":{"0":{"loc":{"start":{"line":26,"column":47},"end":{"line":26,"column":65}},"type":"binary-expr","locations":[{"start":{"line":26,"column":47},"end":{"line":26,"column":57}},{"start":{"line":26,"column":61},"end":{"line":26,"column":65}}]},"1":{"loc":{"start":{"line":28,"column":2},"end":{"line":28,"column":76}},"type":"if","locations":[{"start":{"line":28,"column":2},"end":{"line":28,"column":76}}]},"2":{"loc":{"start":{"line":38,"column":2},"end":{"line":38,"column":77}},"type":"if","locations":[{"start":{"line":38,"column":2},"end":{"line":38,"column":77}}]},"3":{"loc":{"start":{"line":51,"column":2},"end":{"line":51,"column":80}},"type":"if","locations":[{"start":{"line":51,"column":2},"end":{"line":51,"column":80}}]},"4":{"loc":{"start":{"line":64,"column":2},"end":{"line":64,"column":79}},"type":"if","locations":[{"start":{"line":64,"column":2},"end":{"line":64,"column":79}}]},"5":{"loc":{"start":{"line":78,"column":2},"end":{"line":78,"column":78}},"type":"if","locations":[{"start":{"line":78,"column":2},"end":{"line":78,"column":78}}]}},"s":{"0":4,"1":4,"2":4,"3":4,"4":4,"5":4,"6":4,"7":4,"8":32,"9":32,"10":20,"11":20,"12":20,"13":0,"14":20,"15":21,"16":21,"17":21,"18":0,"19":21,"20":3,"21":3,"22":3,"23":0,"24":3,"25":3,"26":3,"27":3,"28":0,"29":3,"30":2,"31":2,"32":2,"33":0,"34":2},"f":{"0":32,"1":20,"2":21,"3":3,"4":3,"5":2},"b":{"0":[20,20],"1":[0],"2":[0],"3":[0],"4":[0],"5":[0]}}
,"/Users/khubaibraza/Desktop/workspace/free-genai-bootcamp-2025/lang-portal/new_backend/src/tests/helpers/index.ts": {"path":"/Users/khubaibraza/Desktop/workspace/free-genai-bootcamp-2025/lang-portal/new_backend/src/tests/helpers/index.ts","statementMap":{"0":{"start":{"line":5,"column":0},"end":{"line":5,"column":7}},"1":{"start":{"line":17,"column":0},"end":{"line":17,"column":7}},"2":{"start":{"line":32,"column":0},"end":{"line":32,"column":7}},"3":{"start":{"line":42,"column":0},"end":{"line":42,"column":7}},"4":{"start":{"line":55,"column":0},"end":{"line":55,"column":7}},"5":{"start":{"line":68,"column":0},"end":{"line":68,"column":7}},"6":{"start":{"line":82,"column":0},"end":{"line":82,"column":16}},"7":{"start":{"line":1,"column":0},"end":{"line":1,"column":51}},"8":{"start":{"line":3,"column":0},"end":{"line":3,"column":57}},"9":{"start":{"line":6,"column":13},"end":{"line":6,"column":32}},"10":{"start":{"line":7,"column":2},"end":{"line":14,"column":5}},"11":{"start":{"line":23,"column":13},"end":{"line":23,"column":32}},"12":{"start":{"line":24,"column":17},"end":{"line":26,"column":null}},"13":{"start":{"line":28,"column":2},"end":{"line":28,"column":76}},"14":{"start":{"line":28,"column":22},"end":{"line":28,"column":76}},"15":{"start":{"line":29,"column":2},"end":{"line":29,"column":23}},"16":{"start":{"line":33,"column":13},"end":{"line":33,"column":32}},"17":{"start":{"line":34,"column":17},"end":{"line":36,"column":null}},"18":{"start":{"line":38,"column":2},"end":{"line":38,"column":77}},"19":{"start":{"line":38,"column":22},"end":{"line":38,"column":77}},"20":{"start":{"line":39,"column":2},"end":{"line":39,"column":23}},"21":{"start":{"line":46,"column":13},"end":{"line":46,"column":32}},"22":{"start":{"line":47,"column":17},"end":{"line":49,"column":null}},"23":{"start":{"line":51,"column":2},"end":{"line":51,"column":80}},"24":{"start":{"line":51,"column":22},"end":{"line":51,"column":80}},"25":{"start":{"line":52,"column":2},"end":{"line":52,"column":23}},"26":{"start":{"line":59,"column":13},"end":{"line":59,"column":32}},"27":{"start":{"line":60,"column":17},"end":{"line":62,"column":null}},"28":{"start":{"line":64,"column":2},"end":{"line":64,"column":79}},"29":{"start":{"line":64,"column":22},"end":{"line":64,"column":79}},"30":{"start":{"line":65,"column":2},"end":{"line":65,"column":23}},"31":{"start":{"line":73,"column":13},"end":{"line":73,"column":32}},"32":{"start":{"line":74,"column":17},"end":{"line":76,"column":null}},"33":{"start":{"line":78,"column":2},"end":{"line":78,"column":78}},"34":{"start":{"line":78,"column":22},"end":{"line":78,"column":78}},"35":{"start":{"line":79,"column":2},"end":{"line":79,"column":23}},"36":{"start":{"line":83,"column":2},"end":{"line":83,"column":21}}},"fnMap":{"0":{"name":"clearDatabase","decl":{"start":{"line":5,"column":22},"end":{"line":5,"column":35}},"loc":{"start":{"line":5,"column":35},"end":{"line":15,"column":1}}},"1":{"name":"createTestWord","decl":{"start":{"line":17,"column":22},"end":{"line":17,"column":36}},"loc":{"start":{"line":22,"column":1},"end":{"line":30,"column":1}}},"2":{"name":"createTestGroup","decl":{"start":{"line":32,"column":22},"end":{"line":32,"column":37}},"loc":{"start":{"line":32,"column":50},"end":{"line":40,"column":1}}},"3":{"name":"createTestStudyActivity","decl":{"start":{"line":42,"column":22},"end":{"line":42,"column":45}},"loc":{"start":{"line":45,"column":1},"end":{"line":53,"column":1}}},"4":{"name":"createTestStudySession","decl":{"start":{"line":55,"column":22},"end":{"line":55,"column":44}},"loc":{"start":{"line":58,"column":1},"end":{"line":66,"column":1}}},"5":{"name":"createTestWordReview","decl":{"start":{"line":68,"column":22},"end":{"line":68,"column":42}},"loc":{"start":{"line":72,"column":1},"end":{"line":80,"column":1}}},"6":{"name":"sqliteBoolean","decl":{"start":{"line":82,"column":16},"end":{"line":82,"column":29}},"loc":{"start":{"line":82,"column":43},"end":{"line":84,"column":1}}}},"branchMap":{"0":{"loc":{"start":{"line":26,"column":47},"end":{"line":26,"column":65}},"type":"binary-expr","locations":[{"start":{"line":26,"column":47},"end":{"line":26,"column":57}},{"start":{"line":26,"column":61},"end":{"line":26,"column":65}}]},"1":{"loc":{"start":{"line":28,"column":2},"end":{"line":28,"column":76}},"type":"if","locations":[{"start":{"line":28,"column":2},"end":{"line":28,"column":76}}]},"2":{"loc":{"start":{"line":38,"column":2},"end":{"line":38,"column":77}},"type":"if","locations":[{"start":{"line":38,"column":2},"end":{"line":38,"column":77}}]},"3":{"loc":{"start":{"line":51,"column":2},"end":{"line":51,"column":80}},"type":"if","locations":[{"start":{"line":51,"column":2},"end":{"line":51,"column":80}}]},"4":{"loc":{"start":{"line":64,"column":2},"end":{"line":64,"column":79}},"type":"if","locations":[{"start":{"line":64,"column":2},"end":{"line":64,"column":79}}]},"5":{"loc":{"start":{"line":76,"column":42},"end":{"line":76,"column":62}},"type":"cond-expr","locations":[{"start":{"line":76,"column":57},"end":{"line":76,"column":58}},{"start":{"line":76,"column":61},"end":{"line":76,"column":62}}]},"6":{"loc":{"start":{"line":78,"column":2},"end":{"line":78,"column":78}},"type":"if","locations":[{"start":{"line":78,"column":2},"end":{"line":78,"column":78}}]}},"s":{"0":1,"1":1,"2":1,"3":1,"4":1,"5":1,"6":1,"7":1,"8":1,"9":4,"10":4,"11":1,"12":1,"13":1,"14":0,"15":1,"16":3,"17":3,"18":3,"19":0,"20":3,"21":3,"22":3,"23":3,"24":0,"25":3,"26":2,"27":2,"28":2,"29":0,"30":2,"31":0,"32":0,"33":0,"34":0,"35":0,"36":1},"f":{"0":4,"1":1,"2":3,"3":3,"4":2,"5":0,"6":1},"b":{"0":[1,1],"1":[0],"2":[0],"3":[0],"4":[0],"5":[0,0],"6":[0]}}
,"/Users/khubaibraza/Desktop/workspace/free-genai-bootcamp-2025/lang-portal/new_backend/src/utils/database.ts": {"path":"/Users/khubaibraza/Desktop/workspace/free-genai-bootcamp-2025/lang-portal/new_backend/src/utils/database.ts","statementMap":{"0":{"start":{"line":9,"column":0},"end":{"line":9,"column":7}},"1":{"start":{"line":23,"column":0},"end":{"line":23,"column":7}},"2":{"start":{"line":1,"column":0},"end":{"line":1,"column":30}},"3":{"start":{"line":2,"column":0},"end":{"line":2,"column":40}},"4":{"start":{"line":3,"column":0},"end":{"line":3,"column":24}},"5":{"start":{"line":5,"column":15},"end":{"line":5,"column":46}},"6":{"start":{"line":7,"column":26},"end":{"line":7,"column":30}},"7":{"start":{"line":10,"column":2},"end":{"line":10,"column":20}},"8":{"start":{"line":10,"column":10},"end":{"line":10,"column":20}},"9":{"start":{"line":12,"column":2},"end":{"line":15,"column":5}},"10":{"start":{"line":18,"column":2},"end":{"line":18,"column":43}},"11":{"start":{"line":20,"column":2},"end":{"line":20,"column":12}},"12":{"start":{"line":24,"column":19},"end":{"line":24,"column":38}},"13":{"start":{"line":26,"column":2},"end":{"line":81,"column":5}}},"fnMap":{"0":{"name":"getDatabase","decl":{"start":{"line":9,"column":22},"end":{"line":9,"column":33}},"loc":{"start":{"line":9,"column":33},"end":{"line":21,"column":1}}},"1":{"name":"initializeDatabase","decl":{"start":{"line":23,"column":22},"end":{"line":23,"column":40}},"loc":{"start":{"line":23,"column":40},"end":{"line":82,"column":1}}}},"branchMap":{"0":{"loc":{"start":{"line":10,"column":2},"end":{"line":10,"column":20}},"type":"if","locations":[{"start":{"line":10,"column":2},"end":{"line":10,"column":20}}]},"1":{"loc":{"start":{"line":13,"column":14},"end":{"line":13,"column":84}},"type":"cond-expr","locations":[{"start":{"line":13,"column":23},"end":{"line":13,"column":33}},{"start":{"line":13,"column":36},"end":{"line":13,"column":84}}]}},"s":{"0":4,"1":4,"2":4,"3":4,"4":4,"5":4,"6":4,"7":123,"8":119,"9":4,"10":4,"11":4,"12":4,"13":4},"f":{"0":123,"1":4},"b":{"0":[119],"1":[4,0]}}
}
