TN:
SF:src/app.ts
FNF:0
FNH:0
DA:1,4
DA:2,4
DA:3,4
DA:4,4
DA:6,4
DA:9,4
DA:10,4
DA:13,4
DA:16,4
DA:18,4
LF:10
LH:10
BRF:0
BRH:0
end_of_record
TN:
SF:src/api/controllers/DashboardController.ts
FN:5,(anonymous_0)
FN:24,(anonymous_1)
FN:46,(anonymous_2)
FNF:3
FNH:3
FNDA:1,(anonymous_0)
FNDA:1,(anonymous_1)
FNDA:1,(anonymous_2)
DA:2,4
DA:4,4
DA:6,1
DA:7,1
DA:8,1
DA:18,1
DA:20,0
DA:25,1
DA:26,1
DA:27,1
DA:32,1
DA:37,1
DA:42,0
DA:47,1
DA:48,1
DA:51,1
DA:58,1
DA:64,1
DA:69,1
DA:76,0
LF:20
LH:17
BRDA:18,0,0,1
BRDA:18,0,1,0
BRDA:70,1,0,1
BRDA:70,1,1,0
BRF:4
BRH:2
end_of_record
TN:
SF:src/api/controllers/GroupController.ts
FN:6,(anonymous_0)
FN:27,(anonymous_1)
FN:41,(anonymous_2)
FN:63,(anonymous_3)
FNF:4
FNH:3
FNDA:2,(anonymous_0)
FNDA:2,(anonymous_1)
FNDA:1,(anonymous_2)
FNDA:0,(anonymous_3)
DA:2,4
DA:3,4
DA:5,4
DA:7,2
DA:8,2
DA:9,2
DA:11,2
DA:13,2
DA:23,0
DA:28,2
DA:29,2
DA:31,2
DA:32,1
DA:35,1
DA:37,1
DA:42,1
DA:43,1
DA:44,1
DA:45,1
DA:47,1
DA:49,1
DA:59,0
DA:64,0
DA:65,0
DA:66,0
DA:67,0
DA:70,0
DA:80,0
LF:28
LH:20
BRDA:8,0,0,2
BRDA:8,0,1,1
BRDA:9,1,0,2
BRDA:9,1,1,1
BRDA:31,2,0,1
BRDA:44,3,0,1
BRDA:44,3,1,1
BRDA:45,4,0,1
BRDA:45,4,1,1
BRDA:66,5,0,0
BRDA:66,5,1,0
BRDA:67,6,0,0
BRDA:67,6,1,0
BRF:13
BRH:9
end_of_record
TN:
SF:src/api/controllers/StudyActivityController.ts
FN:6,(anonymous_0)
FN:36,(anonymous_1)
FN:51,(anonymous_2)
FNF:3
FNH:0
FNDA:0,(anonymous_0)
FNDA:0,(anonymous_1)
FNDA:0,(anonymous_2)
DA:2,4
DA:3,4
DA:5,4
DA:7,0
DA:8,0
DA:9,0
DA:10,0
DA:12,0
DA:14,0
DA:22,0
DA:32,0
DA:37,0
DA:38,0
DA:39,0
DA:41,0
DA:42,0
DA:45,0
DA:47,0
DA:52,0
DA:53,0
DA:54,0
DA:55,0
DA:57,0
DA:59,0
DA:80,0
DA:90,0
LF:26
LH:3
BRDA:8,0,0,0
BRDA:8,0,1,0
BRDA:9,1,0,0
BRDA:9,1,1,0
BRDA:41,2,0,0
BRDA:53,3,0,0
BRDA:53,3,1,0
BRDA:54,4,0,0
BRDA:54,4,1,0
BRF:9
BRH:0
end_of_record
TN:
SF:src/api/controllers/StudyController.ts
FN:6,(anonymous_0)
FN:48,(anonymous_1)
FN:77,(anonymous_2)
FN:118,(anonymous_3)
FN:141,(anonymous_4)
FN:173,(anonymous_5)
FN:188,(anonymous_6)
FNF:7
FNH:3
FNDA:1,(anonymous_0)
FNDA:0,(anonymous_1)
FNDA:0,(anonymous_2)
FNDA:1,(anonymous_3)
FNDA:1,(anonymous_4)
FNDA:0,(anonymous_5)
FNDA:0,(anonymous_6)
DA:2,4
DA:3,4
DA:5,4
DA:7,1
DA:8,1
DA:9,1
DA:10,1
DA:12,1
DA:14,1
DA:34,1
DA:44,0
DA:49,0
DA:50,0
DA:51,0
DA:67,0
DA:68,0
DA:71,0
DA:73,0
DA:78,0
DA:79,0
DA:80,0
DA:81,0
DA:83,0
DA:85,0
DA:104,0
DA:114,0
DA:119,1
DA:120,1
DA:122,1
DA:123,1
DA:128,1
DA:129,0
DA:132,1
DA:137,0
DA:142,1
DA:143,1
DA:144,1
DA:146,1
DA:147,1
DA:152,1
DA:153,0
DA:156,1
DA:167,1
DA:169,0
DA:174,0
DA:175,0
DA:176,0
DA:177,0
DA:179,0
DA:184,0
DA:189,0
DA:190,0
DA:191,0
DA:192,0
DA:193,0
DA:194,0
DA:195,0
DA:197,0
DA:202,0
LF:59
LH:24
BRDA:8,0,0,1
BRDA:8,0,1,1
BRDA:9,1,0,1
BRDA:9,1,1,1
BRDA:67,2,0,0
BRDA:79,3,0,0
BRDA:79,3,1,0
BRDA:80,4,0,0
BRDA:80,4,1,0
BRDA:128,5,0,0
BRDA:152,6,0,0
BRF:11
BRH:4
end_of_record
TN:
SF:src/api/controllers/WordController.ts
FN:6,(anonymous_0)
FN:27,(anonymous_1)
FN:41,(anonymous_2)
FNF:3
FNH:3
FNDA:2,(anonymous_0)
FNDA:2,(anonymous_1)
FNDA:1,(anonymous_2)
DA:2,4
DA:3,4
DA:5,4
DA:7,2
DA:8,2
DA:9,2
DA:11,2
DA:13,2
DA:23,0
DA:28,2
DA:29,2
DA:31,2
DA:32,1
DA:35,1
DA:37,1
DA:42,1
DA:43,1
DA:44,1
DA:46,0
LF:19
LH:17
BRDA:8,0,0,2
BRDA:8,0,1,1
BRDA:9,1,0,2
BRDA:9,1,1,1
BRDA:31,2,0,1
BRF:5
BRH:5
end_of_record
TN:
SF:src/api/middleware/validateRequest.ts
FN:5,(anonymous_0)
FN:6,(anonymous_1)
FN:16,(anonymous_2)
FNF:3
FNH:3
FNDA:60,(anonymous_0)
FNDA:15,(anonymous_1)
FNDA:3,(anonymous_2)
DA:2,4
DA:3,4
DA:5,4
DA:6,60
DA:7,15
DA:8,15
DA:13,13
DA:15,2
DA:16,3
DA:18,0
LF:10
LH:9
BRDA:15,0,0,2
BRDA:15,0,1,0
BRF:2
BRH:1
end_of_record
TN:
SF:src/api/routes/dashboardRoutes.ts
FNF:0
FNH:0
DA:1,4
DA:2,4
DA:4,4
DA:6,4
DA:7,4
DA:8,4
DA:10,4
LF:7
LH:7
BRF:0
BRH:0
end_of_record
TN:
SF:src/api/routes/groupRoutes.ts
FNF:0
FNH:0
DA:1,4
DA:2,4
DA:3,4
DA:4,4
DA:6,4
DA:8,4
DA:9,4
DA:10,4
DA:11,4
DA:13,4
LF:10
LH:10
BRF:0
BRH:0
end_of_record
TN:
SF:src/api/routes/index.ts
FN:8,setupRoutes
FNF:1
FNH:1
FNDA:4,setupRoutes
DA:2,4
DA:3,4
DA:4,4
DA:5,4
DA:6,4
DA:8,4
DA:9,4
DA:10,4
DA:11,4
DA:12,4
DA:13,4
LF:11
LH:11
BRF:0
BRH:0
end_of_record
TN:
SF:src/api/routes/studyActivityRoutes.ts
FNF:0
FNH:0
DA:1,4
DA:2,4
DA:3,4
DA:4,4
DA:6,4
DA:8,4
DA:9,4
DA:10,4
DA:12,4
LF:9
LH:9
BRF:0
BRH:0
end_of_record
TN:
SF:src/api/routes/studyRoutes.ts
FNF:0
FNH:0
DA:1,4
DA:2,4
DA:3,4
DA:4,4
DA:11,4
DA:13,4
DA:14,4
DA:15,4
DA:16,4
DA:17,4
DA:18,4
DA:19,4
DA:21,4
LF:13
LH:13
BRF:0
BRH:0
end_of_record
TN:
SF:src/api/routes/wordRoutes.ts
FNF:0
FNH:0
DA:1,4
DA:2,4
DA:3,4
DA:4,4
DA:6,4
DA:8,4
DA:9,4
DA:10,4
DA:12,4
LF:9
LH:9
BRF:0
BRH:0
end_of_record
TN:
SF:src/api/validators/schemas.ts
FNF:0
FNH:0
DA:1,4
DA:3,4
DA:12,4
DA:19,4
DA:32,4
DA:39,4
LF:6
LH:6
BRF:0
BRH:0
end_of_record
TN:
SF:src/db/models/Group.ts
FN:6,(anonymous_0)
FN:12,(anonymous_1)
FN:24,(anonymous_2)
FNF:3
FNH:3
FNDA:2,(anonymous_0)
FNDA:2,(anonymous_1)
FNDA:1,(anonymous_2)
DA:1,4
DA:5,4
DA:7,2
DA:8,2
DA:9,2
DA:13,2
DA:14,2
DA:16,2
DA:21,2
DA:25,1
DA:26,1
DA:28,1
DA:41,1
LF:13
LH:13
BRDA:9,0,0,2
BRDA:9,0,1,1
BRDA:12,1,0,0
BRDA:12,2,0,0
BRDA:24,3,0,0
BRDA:24,4,0,0
BRF:6
BRH:2
end_of_record
TN:
SF:src/db/models/Word.ts
FN:6,(anonymous_0)
FN:12,(anonymous_1)
FN:24,(anonymous_2)
FNF:3
FNH:3
FNDA:2,(anonymous_0)
FNDA:2,(anonymous_1)
FNDA:1,(anonymous_2)
DA:1,4
DA:3,4
DA:5,4
DA:7,2
DA:8,2
DA:9,2
DA:13,2
DA:14,2
DA:16,2
DA:21,2
DA:25,1
DA:26,1
DA:31,1
DA:33,1
LF:14
LH:14
BRDA:9,0,0,2
BRDA:9,0,1,1
BRDA:12,1,0,0
BRDA:12,2,0,0
BRDA:31,3,0,0
BRF:5
BRH:2
end_of_record
TN:
SF:src/db/seeds/groupSeeds.ts
FN:3,seedGroups
FNF:1
FNH:1
FNDA:4,seedGroups
DA:3,4
DA:4,4
DA:19,4
DA:20,12
LF:4
LH:4
BRF:0
BRH:0
end_of_record
TN:
SF:src/db/seeds/index.ts
FN:7,seedDatabase
FNF:1
FNH:1
FNDA:4,seedDatabase
DA:2,4
DA:3,4
DA:4,4
DA:5,4
DA:7,4
DA:8,4
DA:10,4
DA:12,4
DA:15,4
DA:16,4
DA:17,4
DA:18,4
DA:21,4
DA:22,4
DA:25,0
DA:26,0
DA:27,0
LF:17
LH:14
BRF:0
BRH:0
end_of_record
TN:
SF:src/db/seeds/studyActivitySeeds.ts
FN:3,seedStudyActivities
FNF:1
FNH:1
FNDA:4,seedStudyActivities
DA:3,4
DA:4,4
DA:19,4
DA:20,12
LF:4
LH:4
BRF:0
BRH:0
end_of_record
TN:
SF:src/db/seeds/wordSeeds.ts
FN:3,seedWords
FN:33,createWordGroupAssociations
FNF:2
FNH:2
FNDA:4,seedWords
FNDA:4,createWordGroupAssociations
DA:3,4
DA:4,4
DA:25,4
DA:26,12
DA:33,4
DA:35,4
DA:41,4
DA:42,12
DA:46,12
DA:51,12
DA:52,12
DA:58,12
LF:12
LH:12
BRDA:51,0,0,12
BRDA:51,1,0,12
BRDA:51,1,1,12
BRF:3
BRH:3
end_of_record
TN:
SF:src/middleware/errorHandler.ts
FN:4,(anonymous_0)
FN:10,(anonymous_1)
FNF:2
FNH:2
FNDA:4,(anonymous_0)
FNDA:4,(anonymous_1)
DA:3,4
DA:4,4
DA:5,4
DA:6,4
DA:10,4
DA:16,4
DA:17,4
DA:22,0
DA:23,0
LF:9
LH:7
BRDA:16,0,0,4
BRF:1
BRH:1
end_of_record
TN:
SF:src/tests/helpers.ts
FN:5,clearDatabase
FN:17,createTestWord
FN:32,createTestGroup
FN:42,createTestStudyActivity
FN:55,createTestStudySession
FN:68,createTestWordReview
FNF:6
FNH:6
FNDA:32,clearDatabase
FNDA:20,createTestWord
FNDA:21,createTestGroup
FNDA:3,createTestStudyActivity
FNDA:3,createTestStudySession
FNDA:2,createTestWordReview
DA:1,4
DA:3,4
DA:5,4
DA:6,32
DA:7,32
DA:17,4
DA:23,20
DA:24,20
DA:28,20
DA:29,20
DA:32,4
DA:33,21
DA:34,21
DA:38,21
DA:39,21
DA:42,4
DA:46,3
DA:47,3
DA:51,3
DA:52,3
DA:55,4
DA:59,3
DA:60,3
DA:64,3
DA:65,3
DA:68,4
DA:73,2
DA:74,2
DA:78,2
DA:79,2
LF:30
LH:30
BRDA:26,0,0,20
BRDA:26,0,1,20
BRDA:28,1,0,0
BRDA:38,2,0,0
BRDA:51,3,0,0
BRDA:64,4,0,0
BRDA:78,5,0,0
BRF:7
BRH:2
end_of_record
TN:
SF:src/tests/helpers/index.ts
FN:5,clearDatabase
FN:17,createTestWord
FN:32,createTestGroup
FN:42,createTestStudyActivity
FN:55,createTestStudySession
FN:68,createTestWordReview
FN:82,sqliteBoolean
FNF:7
FNH:6
FNDA:4,clearDatabase
FNDA:1,createTestWord
FNDA:3,createTestGroup
FNDA:3,createTestStudyActivity
FNDA:2,createTestStudySession
FNDA:0,createTestWordReview
FNDA:1,sqliteBoolean
DA:1,1
DA:3,1
DA:5,1
DA:6,4
DA:7,4
DA:17,1
DA:23,1
DA:24,1
DA:28,1
DA:29,1
DA:32,1
DA:33,3
DA:34,3
DA:38,3
DA:39,3
DA:42,1
DA:46,3
DA:47,3
DA:51,3
DA:52,3
DA:55,1
DA:59,2
DA:60,2
DA:64,2
DA:65,2
DA:68,1
DA:73,0
DA:74,0
DA:78,0
DA:79,0
DA:82,1
DA:83,1
LF:32
LH:28
BRDA:26,0,0,1
BRDA:26,0,1,1
BRDA:28,1,0,0
BRDA:38,2,0,0
BRDA:51,3,0,0
BRDA:64,4,0,0
BRDA:76,5,0,0
BRDA:76,5,1,0
BRDA:78,6,0,0
BRF:9
BRH:2
end_of_record
TN:
SF:src/utils/database.ts
FN:9,getDatabase
FN:23,initializeDatabase
FNF:2
FNH:2
FNDA:123,getDatabase
FNDA:4,initializeDatabase
DA:1,4
DA:2,4
DA:3,4
DA:5,4
DA:7,4
DA:9,4
DA:10,123
DA:12,4
DA:18,4
DA:20,4
DA:23,4
DA:24,4
DA:26,4
LF:13
LH:13
BRDA:10,0,0,119
BRDA:13,1,0,4
BRDA:13,1,1,0
BRF:3
BRH:2
end_of_record
